<?xml version="1.0" encoding="UTF-8"?>
<!-- Generated by org.testng.reporters.JUnitXMLReporter -->
<testsuite ignored="0" hostname="LAPTOP-163NGRIC" failures="1" tests="1" name="Amazon launch Test" time="5.346" errors="0" timestamp="2023-12-15T19:07:19 IST">
  <testcase classname="Amazon_test.Amazon_Test" name="amazonTest" time="1.206">
    <failure type="org.openqa.selenium.ElementClickInterceptedException" message="element click intercepted: Element &amp;lt;a href=&amp;quot;/b/?_encoding=UTF8&amp;amp;amp;ld=AZUSSOA-sell&amp;amp;amp;node=12766669011&amp;amp;amp;ref_=nav_cs_sell&amp;quot; class=&amp;quot;nav-a  &amp;quot; tabindex=&amp;quot;0&amp;quot; data-csa-c-type=&amp;quot;link&amp;quot; data-csa-c-slot-id=&amp;quot;nav_cs_4&amp;quot; data-csa-c-content-id=&amp;quot;nav_cs_sell&amp;quot; data-csa-c-id=&amp;quot;nrr63v-e8vrdc-2oe335-3w12ej&amp;quot;&amp;gt;...&amp;lt;/a&amp;gt; is not clickable at point (473, 79). Other element would receive the click: &amp;lt;span class=&amp;quot;a-size-base&amp;quot;&amp;gt;...&amp;lt;/span&amp;gt;
  (Session info: chrome=120.0.6099.72)
Build info: version: &amp;apos;4.15.0&amp;apos;, revision: &amp;apos;1d14b5521b&amp;apos;
System info: os.name: &amp;apos;Windows 11&amp;apos;, os.arch: &amp;apos;amd64&amp;apos;, os.version: &amp;apos;10.0&amp;apos;, java.version: &amp;apos;17.0.8.1&amp;apos;
Driver info: org.openqa.selenium.chrome.ChromeDriver
Command: [bb6d03074fe01c13356a6aa075fa78a1, clickElement {id=09E2B08A31127922C2E4342149D49D7B_element_50}]
Capabilities {acceptInsecureCerts: false, browserName: chrome, browserVersion: 120.0.6099.72, chrome: {chromedriverVersion: 120.0.6099.71 (9729082fe617..., userDataDir: C:\Users\lenovo\AppData\Loc...}, fedcm:accounts: true, goog:chromeOptions: {debuggerAddress: localhost:53429}, networkConnectionEnabled: false, pageLoadStrategy: normal, platformName: windows, proxy: Proxy(), se:cdp: ws://localhost:53429/devtoo..., se:cdpVersion: 120.0.6099.72, setWindowRect: true, strictFileInteractability: false, timeouts: {implicit: 0, pageLoad: 300000, script: 30000}, unhandledPromptBehavior: dismiss and notify, webauthn:extension:credBlob: true, webauthn:extension:largeBlob: true, webauthn:extension:minPinLength: true, webauthn:extension:prf: true, webauthn:virtualAuthenticators: true}
Element: [[ChromeDriver: chrome on windows (bb6d03074fe01c13356a6aa075fa78a1)] -&amp;gt; xpath: (//a[contains(text(),&amp;apos;Sell&amp;apos;)])[1]]
Session ID: bb6d03074fe01c13356a6aa075fa78a1">
      <![CDATA[org.openqa.selenium.ElementClickInterceptedException: element click intercepted: Element <a href="/b/?_encoding=UTF8&amp;ld=AZUSSOA-sell&amp;node=12766669011&amp;ref_=nav_cs_sell" class="nav-a  " tabindex="0" data-csa-c-type="link" data-csa-c-slot-id="nav_cs_4" data-csa-c-content-id="nav_cs_sell" data-csa-c-id="nrr63v-e8vrdc-2oe335-3w12ej">...</a> is not clickable at point (473, 79). Other element would receive the click: <span class="a-size-base">...</span>
  (Session info: chrome=120.0.6099.72)
Build info: version: '4.15.0', revision: '1d14b5521b'
System info: os.name: 'Windows 11', os.arch: 'amd64', os.version: '10.0', java.version: '17.0.8.1'
Driver info: org.openqa.selenium.chrome.ChromeDriver
Command: [bb6d03074fe01c13356a6aa075fa78a1, clickElement {id=09E2B08A31127922C2E4342149D49D7B_element_50}]
Capabilities {acceptInsecureCerts: false, browserName: chrome, browserVersion: 120.0.6099.72, chrome: {chromedriverVersion: 120.0.6099.71 (9729082fe617..., userDataDir: C:\Users\lenovo\AppData\Loc...}, fedcm:accounts: true, goog:chromeOptions: {debuggerAddress: localhost:53429}, networkConnectionEnabled: false, pageLoadStrategy: normal, platformName: windows, proxy: Proxy(), se:cdp: ws://localhost:53429/devtoo..., se:cdpVersion: 120.0.6099.72, setWindowRect: true, strictFileInteractability: false, timeouts: {implicit: 0, pageLoad: 300000, script: 30000}, unhandledPromptBehavior: dismiss and notify, webauthn:extension:credBlob: true, webauthn:extension:largeBlob: true, webauthn:extension:minPinLength: true, webauthn:extension:prf: true, webauthn:virtualAuthenticators: true}
Element: [[ChromeDriver: chrome on windows (bb6d03074fe01c13356a6aa075fa78a1)] -> xpath: (//a[contains(text(),'Sell')])[1]]
Session ID: bb6d03074fe01c13356a6aa075fa78a1
at org.openqa.selenium.remote.codec.w3c.W3CHttpResponseCodec.createException(W3CHttpResponseCodec.java:200)
at org.openqa.selenium.remote.codec.w3c.W3CHttpResponseCodec.decode(W3CHttpResponseCodec.java:133)
at org.openqa.selenium.remote.codec.w3c.W3CHttpResponseCodec.decode(W3CHttpResponseCodec.java:52)
at org.openqa.selenium.remote.HttpCommandExecutor.execute(HttpCommandExecutor.java:191)
at org.openqa.selenium.remote.service.DriverCommandExecutor.invokeExecute(DriverCommandExecutor.java:200)
at org.openqa.selenium.remote.service.DriverCommandExecutor.execute(DriverCommandExecutor.java:175)
at org.openqa.selenium.remote.RemoteWebDriver.execute(RemoteWebDriver.java:607)
at org.openqa.selenium.remote.RemoteWebElement.execute(RemoteWebElement.java:224)
at org.openqa.selenium.remote.RemoteWebElement.click(RemoteWebElement.java:77)
at org.openqa.selenium.support.pagefactory.internal.LocatingElementHandler.invoke(LocatingElementHandler.java:51)
at jdk.proxy2/jdk.proxy2.$Proxy13.click(Unknown Source)
at pom.Amazon_main_page.sell(Amazon_main_page.java:33)
at Amazon_test.Amazon_Test.amazonTest(Amazon_Test.java:22)
at java.base/java.util.ArrayList.forEach(ArrayList.java:1511)
... Removed 36 stack frames]]>
    </failure>
  </testcase> <!-- amazonTest -->
</testsuite> <!-- Amazon launch Test -->
